<?xml version="1.0" encoding="UTF-8"?>
<testng-results skipped="0" failed="1" ignored="0" total="2" passed="1">
  <reporter-output>
  </reporter-output>
  <suite name="Default suite" duration-ms="36754" started-at="2018-05-28T06:55:17Z" finished-at="2018-05-28T06:55:54Z">
    <groups>
    </groups>
    <test name="Default test" duration-ms="36754" started-at="2018-05-28T06:55:17Z" finished-at="2018-05-28T06:55:54Z">
      <class name="appScenarios.DataProviderDemoTest">
        <test-method status="PASS" signature="setup()[pri:0, instance:appScenarios.DataProviderDemoTest@36d4b5c]" name="setup" is-config="true" duration-ms="5399" started-at="2018-05-28T12:25:17Z" finished-at="2018-05-28T12:25:23Z">
          <reporter-output>
          </reporter-output>
        </test-method> <!-- setup -->
        <test-method status="PASS" signature="testSupersportLogin(java.lang.String, java.lang.String)[pri:0, instance:appScenarios.DataProviderDemoTest@36d4b5c]" name="testSupersportLogin" duration-ms="2492" started-at="2018-05-28T12:25:23Z" data-provider="performLogin" finished-at="2018-05-28T12:25:25Z">
          <params>
            <param index="0">
              <value>
                <![CDATA[neha.tanna]]>
              </value>
            </param>
            <param index="1">
              <value>
                <![CDATA[bat@271192]]>
              </value>
            </param>
          </params>
          <reporter-output>
          </reporter-output>
        </test-method> <!-- testSupersportLogin -->
        <test-method status="PASS" signature="teardown()[pri:0, instance:appScenarios.DataProviderDemoTest@36d4b5c]" name="teardown" is-config="true" duration-ms="1486" started-at="2018-05-28T12:25:25Z" finished-at="2018-05-28T12:25:27Z">
          <reporter-output>
          </reporter-output>
        </test-method> <!-- teardown -->
        <test-method status="PASS" signature="setup()[pri:0, instance:appScenarios.DataProviderDemoTest@36d4b5c]" name="setup" is-config="true" duration-ms="4837" started-at="2018-05-28T12:25:27Z" finished-at="2018-05-28T12:25:32Z">
          <reporter-output>
          </reporter-output>
        </test-method> <!-- setup -->
        <test-method status="FAIL" signature="testSupersportLogin(java.lang.String, java.lang.String)[pri:0, instance:appScenarios.DataProviderDemoTest@36d4b5c]" name="testSupersportLogin" duration-ms="20888" started-at="2018-05-28T12:25:32Z" data-provider="performLogin" finished-at="2018-05-28T12:25:52Z">
          <params>
            <param index="0">
              <value>
                <![CDATA[yogesh.kolhe]]>
              </value>
            </param>
            <param index="1">
              <value>
                <![CDATA[Apr@2018]]>
              </value>
            </param>
          </params>
          <exception class="java.lang.AssertionError">
            <message>
              <![CDATA[null]]>
            </message>
            <full-stacktrace>
              <![CDATA[java.lang.AssertionError: null
	at org.testng.Assert.fail(Assert.java:93)
	at org.testng.Assert.fail(Assert.java:100)
	at appScenarios.DataProviderDemoTest.testSupersportLogin(DataProviderDemoTest.java:78)
	at sun.reflect.NativeMethodAccessorImpl.invoke0(Native Method)
	at sun.reflect.NativeMethodAccessorImpl.invoke(Unknown Source)
	at sun.reflect.DelegatingMethodAccessorImpl.invoke(Unknown Source)
	at java.lang.reflect.Method.invoke(Unknown Source)
	at org.testng.internal.MethodInvocationHelper.invokeMethod(MethodInvocationHelper.java:108)
	at org.testng.internal.Invoker.invokeMethod(Invoker.java:661)
	at org.testng.internal.Invoker.invokeTestMethod(Invoker.java:869)
	at org.testng.internal.Invoker.invokeTestMethods(Invoker.java:1193)
	at org.testng.internal.TestMethodWorker.invokeTestMethods(TestMethodWorker.java:126)
	at org.testng.internal.TestMethodWorker.run(TestMethodWorker.java:109)
	at org.testng.TestRunner.privateRun(TestRunner.java:744)
	at org.testng.TestRunner.run(TestRunner.java:602)
	at org.testng.SuiteRunner.runTest(SuiteRunner.java:380)
	at org.testng.SuiteRunner.runSequentially(SuiteRunner.java:375)
	at org.testng.SuiteRunner.privateRun(SuiteRunner.java:340)
	at org.testng.SuiteRunner.run(SuiteRunner.java:289)
	at org.testng.SuiteRunnerWorker.runSuite(SuiteRunnerWorker.java:52)
	at org.testng.SuiteRunnerWorker.run(SuiteRunnerWorker.java:86)
	at org.testng.TestNG.runSuitesSequentially(TestNG.java:1301)
	at org.testng.TestNG.runSuitesLocally(TestNG.java:1226)
	at org.testng.TestNG.runSuites(TestNG.java:1144)
	at org.testng.TestNG.run(TestNG.java:1115)
	at org.testng.remote.AbstractRemoteTestNG.run(AbstractRemoteTestNG.java:114)
	at org.testng.remote.RemoteTestNG.initAndRun(RemoteTestNG.java:251)
	at org.testng.remote.RemoteTestNG.main(RemoteTestNG.java:77)
]]>
            </full-stacktrace>
          </exception> <!-- java.lang.AssertionError -->
          <reporter-output>
          </reporter-output>
        </test-method> <!-- testSupersportLogin -->
        <test-method status="PASS" signature="teardown()[pri:0, instance:appScenarios.DataProviderDemoTest@36d4b5c]" name="teardown" is-config="true" duration-ms="1239" started-at="2018-05-28T12:25:52Z" finished-at="2018-05-28T12:25:54Z">
          <reporter-output>
          </reporter-output>
        </test-method> <!-- teardown -->
      </class> <!-- appScenarios.DataProviderDemoTest -->
    </test> <!-- Default test -->
  </suite> <!-- Default suite -->
</testng-results>
